2017-03-21 17:50:21 -  - exec CUpdateClient::GetUpdatesList
2017-03-21 17:50:21 -  - exec CUpdateClient::CollectRequestData
2017-03-21 17:50:21 -  - LICENSE_KEY=X&lang=ru&SUPD_VER=16.0.12&VERSION=16.5.4&TYPENC=D&SUPD_STS=1&SUPD_URS=0&SUPD_URSA=1&SUPD_DBS=MYSQL&XE=N&CLIENT_SITE=www.hyundai-ringauto.ru&CHHB=www.hyundai-ringauto.ru&CSAB=87.236.19.110&CANGZIP=Y&CLIENT_PHPVER=5.6.30&stable=Y&NGINX=Y&rerere=Y&bitm_main=16.5.4&bitm_iblock=16.5.2&bitm_perfmon=16.0.0&bitm_translate=14.5.0&bitm_compression=16.0.0&bitm_bitrixcloud=16.0.0&bitm_search=16.0.0&bitm_socialservices=16.5.4&bitm_highloadblock=16.0.2&bitm_fileman=16.5.4&bitm_clouds=16.0.1&bitm_seo=16.0.3&bitl_ru=&bitl_en=&bith_ru=&bith_en=&SUPD_SRS=RU&SUPD_CMP=N&SALE_15=Y
2017-03-21 17:50:21 -  - exec CUpdateClient::GetHTTPPage
2017-03-21 17:50:21 -  - TIME GetUpdatesList(request) 0.339 sec
2017-03-21 17:50:21 -  - exec CUpdateClient::ParseServerData
2017-03-21 18:48:01 -  - exec CUpdateClient::GetUpdatesList
2017-03-21 18:48:01 -  - exec CUpdateClient::CollectRequestData
2017-03-21 18:48:01 -  - LICENSE_KEY=X&lang=ru&SUPD_VER=16.0.12&VERSION=16.5.4&TYPENC=D&SUPD_STS=1&SUPD_URS=0&SUPD_URSA=1&SUPD_DBS=MYSQL&XE=N&CLIENT_SITE=www.hyundai-ringauto.ru&CHHB=www.hyundai-ringauto.ru&CSAB=87.236.19.110&CANGZIP=Y&CLIENT_PHPVER=5.6.30&stable=Y&NGINX=Y&rerere=Y&bitm_main=16.5.4&bitm_iblock=16.5.2&bitm_perfmon=16.0.0&bitm_translate=14.5.0&bitm_compression=16.0.0&bitm_bitrixcloud=16.0.0&bitm_search=16.0.0&bitm_socialservices=16.5.4&bitm_highloadblock=16.0.2&bitm_fileman=16.5.4&bitm_clouds=16.0.1&bitm_seo=16.0.3&bitl_ru=&bitl_en=&bith_ru=&bith_en=&SUPD_SRS=RU&SUPD_CMP=N&SALE_15=Y
2017-03-21 18:48:01 -  - exec CUpdateClient::GetHTTPPage
2017-03-21 18:48:02 -  - TIME GetUpdatesList(request) 0.218 sec
2017-03-21 18:48:02 -  - exec CUpdateClient::ParseServerData
2017-03-21 18:49:15 -  - exec CUpdateClient::GetUpdatesList
2017-03-21 18:49:15 -  - exec CUpdateClient::CollectRequestData
2017-03-21 18:49:15 -  - LICENSE_KEY=X&lang=ru&SUPD_VER=16.0.12&VERSION=16.5.4&TYPENC=D&SUPD_STS=1&SUPD_URS=0&SUPD_URSA=1&SUPD_DBS=MYSQL&XE=N&CLIENT_SITE=www.hyundai-ringauto.ru&CHHB=www.hyundai-ringauto.ru&CSAB=87.236.19.110&CANGZIP=Y&CLIENT_PHPVER=5.6.30&stable=Y&NGINX=Y&rerere=Y&bitm_main=16.5.4&bitm_iblock=16.5.2&bitm_perfmon=16.0.0&bitm_translate=14.5.0&bitm_compression=16.0.0&bitm_bitrixcloud=16.0.0&bitm_search=16.0.0&bitm_socialservices=16.5.4&bitm_highloadblock=16.0.2&bitm_fileman=16.5.4&bitm_clouds=16.0.1&bitm_seo=16.0.3&bitl_ru=&bitl_en=&bith_ru=&bith_en=&SUPD_SRS=RU&SUPD_CMP=N&SALE_15=Y
2017-03-21 18:49:15 -  - exec CUpdateClient::GetHTTPPage
2017-03-21 18:49:16 -  - TIME GetUpdatesList(request) 0.243 sec
2017-03-21 18:49:16 -  - exec CUpdateClient::ParseServerData
2017-03-21 18:50:30 -  - exec CUpdateClient::GetUpdatesList
2017-03-21 18:50:30 -  - exec CUpdateClient::CollectRequestData
2017-03-21 18:50:30 -  - LICENSE_KEY=X&lang=ru&SUPD_VER=16.0.12&VERSION=16.5.4&TYPENC=D&SUPD_STS=1&SUPD_URS=0&SUPD_URSA=1&SUPD_DBS=MYSQL&XE=N&CLIENT_SITE=www.hyundai-ringauto.ru&CHHB=www.hyundai-ringauto.ru&CSAB=87.236.19.110&CANGZIP=Y&CLIENT_PHPVER=5.6.30&stable=Y&NGINX=Y&rerere=Y&bitm_main=16.5.4&bitm_iblock=16.5.2&bitm_perfmon=16.0.0&bitm_translate=14.5.0&bitm_compression=16.0.0&bitm_bitrixcloud=16.0.0&bitm_search=16.0.0&bitm_socialservices=16.5.4&bitm_highloadblock=16.0.2&bitm_fileman=16.5.4&bitm_clouds=16.0.1&bitm_seo=16.0.3&bitl_ru=&bitl_en=&bith_ru=&bith_en=&SUPD_SRS=RU&SUPD_CMP=N&SALE_15=Y
2017-03-21 18:50:30 -  - exec CUpdateClient::GetHTTPPage
2017-03-21 18:50:30 -  - TIME GetUpdatesList(request) 0.198 sec
2017-03-21 18:50:30 -  - exec CUpdateClient::ParseServerData
2017-04-05 13:40:49 - CRUPDCDF2 - Run updater '/bitrix/updates/update_m1491388849/asd.tplvars/updater1.5.0.php': Query(create table if not exists b_asd_option_descr
(
	ID INT not null auto_increment,
	NAME VARCHAR(50) not null,
	DESCRIPTION VARCHAR(255),
	SITE_ID CHAR(2),
	PRIMARY KEY (ID),
	INDEX ASD_OPTION_NAME (NAME),
	INDEX ASD_OPTION_SITE (SITE_ID)
);, )
2017-04-11 18:10:27 -  - exec CUpdateClient::GetUpdatesList
2017-04-11 18:10:27 -  - exec CUpdateClient::CollectRequestData
2017-04-11 18:10:27 -  - LICENSE_KEY=X&lang=ru&SUPD_VER=16.0.12&VERSION=16.5.4&TYPENC=D&SUPD_STS=1&SUPD_URS=0&SUPD_URSA=3&SUPD_DBS=MYSQL&XE=N&CLIENT_SITE=hyundai-ringauto.ru&CHHB=hyundai-ringauto.ru&CSAB=87.236.19.110&CANGZIP=Y&CLIENT_PHPVER=5.6.30&stable=Y&NGINX=Y&rerere=Y&bitm_main=16.5.4&bitm_iblock=16.5.2&bitm_perfmon=16.0.0&bitm_translate=14.5.0&bitm_compression=16.0.0&bitm_bitrixcloud=16.0.0&bitm_search=16.0.0&bitm_socialservices=16.5.4&bitm_highloadblock=16.0.2&bitm_fileman=16.5.4&bitm_clouds=16.0.1&bitm_seo=16.0.3&bitl_ru=&bitl_en=&bith_ru=&bith_en=&SUPD_SRS=RU&SUPD_CMP=N&SALE_15=Y
2017-04-11 18:10:27 -  - exec CUpdateClient::GetHTTPPage
2017-04-11 18:10:27 -  - TIME GetUpdatesList(request) 0.518 sec
2017-04-11 18:10:27 -  - exec CUpdateClient::ParseServerData
2017-04-12 12:28:07 -  - exec CUpdateClient::GetUpdatesList
2017-04-12 12:28:07 -  - exec CUpdateClient::CollectRequestData
2017-04-12 12:28:07 -  - LICENSE_KEY=X&lang=ru&SUPD_VER=16.0.12&VERSION=16.5.4&TYPENC=D&SUPD_STS=1&SUPD_URS=0&SUPD_URSA=3&SUPD_DBS=MYSQL&XE=N&CLIENT_SITE=hyundai-ringauto.ru&CHHB=hyundai-ringauto.ru&CSAB=87.236.19.110&CANGZIP=Y&CLIENT_PHPVER=5.6.30&stable=Y&NGINX=Y&rerere=Y&bitm_main=16.5.4&bitm_iblock=16.5.2&bitm_perfmon=16.0.0&bitm_translate=14.5.0&bitm_compression=16.0.0&bitm_bitrixcloud=16.0.0&bitm_search=16.0.0&bitm_socialservices=16.5.4&bitm_highloadblock=16.0.2&bitm_fileman=16.5.4&bitm_clouds=16.0.1&bitm_seo=16.0.3&bitl_ru=&bitl_en=&bith_ru=&bith_en=&SUPD_SRS=RU&SUPD_CMP=N&SALE_15=Y
2017-04-12 12:28:07 -  - exec CUpdateClient::GetHTTPPage
2017-04-12 12:28:07 -  - TIME GetUpdatesList(request) 0.296 sec
2017-04-12 12:28:07 -  - exec CUpdateClient::ParseServerData
2017-04-12 12:28:45 -  - exec CUpdateClient::GetUpdatesList
2017-04-12 12:28:45 -  - exec CUpdateClient::CollectRequestData
2017-04-12 12:28:45 -  - LICENSE_KEY=X&lang=ru&SUPD_VER=16.0.12&VERSION=16.5.4&TYPENC=D&SUPD_STS=1&SUPD_URS=0&SUPD_URSA=3&SUPD_DBS=MYSQL&XE=N&CLIENT_SITE=hyundai-ringauto.ru&CHHB=hyundai-ringauto.ru&CSAB=87.236.19.110&CANGZIP=Y&CLIENT_PHPVER=5.6.30&stable=Y&NGINX=Y&rerere=Y&bitm_main=16.5.4&bitm_iblock=16.5.2&bitm_perfmon=16.0.0&bitm_translate=14.5.0&bitm_compression=16.0.0&bitm_bitrixcloud=16.0.0&bitm_search=16.0.0&bitm_socialservices=16.5.4&bitm_highloadblock=16.0.2&bitm_fileman=16.5.4&bitm_clouds=16.0.1&bitm_seo=16.0.3&bitl_ru=&bitl_en=&bith_ru=&bith_en=&SUPD_SRS=RU&SUPD_CMP=N&SALE_15=Y
2017-04-12 12:28:45 -  - exec CUpdateClient::GetHTTPPage
2017-04-12 12:28:45 -  - TIME GetUpdatesList(request) 0.323 sec
2017-04-12 12:28:45 -  - exec CUpdateClient::ParseServerData
2017-04-12 12:29:07 -  - exec CUpdateClient::UpdateUpdate
2017-04-12 12:29:07 -  - exec CUpdateClient::CollectRequestData
2017-04-12 12:29:07 -  - LICENSE_KEY=X&lang=ru&SUPD_VER=16.0.12&VERSION=16.5.4&TYPENC=D&SUPD_STS=1&SUPD_URS=0&SUPD_URSA=3&SUPD_DBS=MYSQL&XE=N&CLIENT_SITE=hyundai-ringauto.ru&CHHB=hyundai-ringauto.ru&CSAB=87.236.19.110&CANGZIP=Y&CLIENT_PHPVER=5.6.30&stable=Y&NGINX=Y&rerere=Y&bitm_main=16.5.4&bitm_iblock=16.5.2&bitm_perfmon=16.0.0&bitm_translate=14.5.0&bitm_compression=16.0.0&bitm_bitrixcloud=16.0.0&bitm_search=16.0.0&bitm_socialservices=16.5.4&bitm_highloadblock=16.0.2&bitm_fileman=16.5.4&bitm_clouds=16.0.1&bitm_seo=16.0.3&bitl_ru=&bitl_en=&bith_ru=&bith_en=&SUPD_SRS=RU&SUPD_CMP=N&SALE_15=Y&query_type=updateupdate
2017-04-12 12:29:07 -  - exec CUpdateClient::GetHTTPPage
2017-04-12 12:29:20 -  - TIME UpdateUpdate(request) 13.906 sec
2017-04-12 12:29:20 -  - exec CUpdateClient::UnGzipArchive
2017-04-12 12:29:20 -  - TIME UnGzipArchive 0.022 sec
2017-04-12 12:29:20 -  - exec CUpdateClient::ParseServerData
2017-04-12 12:29:21 - CURV - Update updated successfully!
2017-04-12 12:29:21 - UPD_SUCCESS - Update system updated
2017-04-12 12:29:21 -  - exec CUpdateClient::GetUpdatesList
2017-04-12 12:29:21 -  - exec CUpdateClient::CollectRequestData
2017-04-12 12:29:21 -  - LICENSE_KEY=X&lang=ru&SUPD_VER=16.5.15&VERSION=16.5.4&TYPENC=D&SUPD_STS=1&SUPD_URS=0&SUPD_DBS=MYSQL&XE=N&CLIENT_SITE=hyundai-ringauto.ru&CHHB=hyundai-ringauto.ru&CSAB=87.236.19.110&CANGZIP=Y&CLIENT_PHPVER=5.6.30&stable=Y&NGINX=Y&rerere=Y&bitm_main=16.5.4&bitm_iblock=16.5.2&bitm_perfmon=16.0.0&bitm_translate=14.5.0&bitm_compression=16.0.0&bitm_bitrixcloud=16.0.0&bitm_search=16.0.0&bitm_socialservices=16.5.4&bitm_highloadblock=16.0.2&bitm_fileman=16.5.4&bitm_clouds=16.0.1&bitm_seo=16.0.3&bitl_ru=&bitl_en=&SUPD_SRS=RU&SUPD_CMP=N&SALE_15=Y
2017-04-12 12:29:21 -  - exec CUpdateClient::GetHTTPPage
2017-04-12 12:29:21 -  - TIME GetUpdatesList(request) 0.411 sec
2017-04-12 12:29:21 -  - exec CUpdateClient::ParseServerData
2017-04-12 12:29:54 -  - exec CUpdateClient::GetUpdatesList
2017-04-12 12:29:54 -  - exec CUpdateClient::CollectRequestData
2017-04-12 12:29:54 -  - LICENSE_KEY=X&lang=ru&SUPD_VER=16.5.15&VERSION=16.5.4&TYPENC=D&SUPD_STS=1&SUPD_URS=0&SUPD_DBS=MYSQL&XE=N&CLIENT_SITE=hyundai-ringauto.ru&CHHB=hyundai-ringauto.ru&CSAB=87.236.19.110&CANGZIP=Y&CLIENT_PHPVER=5.6.30&stable=Y&NGINX=Y&rerere=Y&bitm_main=16.5.4&bitm_iblock=16.5.2&bitm_perfmon=16.0.0&bitm_translate=14.5.0&bitm_compression=16.0.0&bitm_bitrixcloud=16.0.0&bitm_search=16.0.0&bitm_socialservices=16.5.4&bitm_highloadblock=16.0.2&bitm_fileman=16.5.4&bitm_clouds=16.0.1&bitm_seo=16.0.3&bitl_ru=&bitl_en=&SUPD_SRS=RU&SUPD_CMP=N&SALE_15=Y
2017-04-12 12:29:54 -  - exec CUpdateClient::GetHTTPPage
2017-04-12 12:29:54 -  - TIME GetUpdatesList(request) 0.287 sec
2017-04-12 12:29:54 -  - exec CUpdateClient::ParseServerData
2017-04-12 12:30:19 -  - exec CUpdateClient::RegisterVersion
2017-04-12 12:30:19 -  - exec CUpdateClient::CollectRequestData
2017-04-12 12:30:19 -  - LICENSE_KEY=X&lang=ru&SUPD_VER=16.5.15&VERSION=16.5.4&TYPENC=D&SUPD_STS=1&SUPD_URS=0&SUPD_DBS=MYSQL&XE=N&CLIENT_SITE=hyundai-ringauto.ru&CHHB=hyundai-ringauto.ru&CSAB=87.236.19.110&CANGZIP=Y&CLIENT_PHPVER=5.6.30&stable=Y&NGINX=Y&rerere=Y&bitm_main=16.5.4&bitm_iblock=16.5.2&bitm_perfmon=16.0.0&bitm_translate=14.5.0&bitm_compression=16.0.0&bitm_bitrixcloud=16.0.0&bitm_search=16.0.0&bitm_socialservices=16.5.4&bitm_highloadblock=16.0.2&bitm_fileman=16.5.4&bitm_clouds=16.0.1&bitm_seo=16.0.3&bitl_ru=&bitl_en=&SUPD_SRS=RU&SUPD_CMP=N&SALE_15=Y&query_type=register
2017-04-12 12:30:19 -  - exec CUpdateClient::GetHTTPPage
2017-04-12 12:30:20 -  - TIME RegisterVersion(request) 0.29 sec
2017-04-12 12:30:20 -  - exec CUpdateClient::UnGzipArchive
2017-04-12 12:30:20 -  - TIME UnGzipArchive 0.002 sec
2017-04-12 12:30:20 -  - exec CUpdateClient::ParseServerData
2017-04-12 12:30:20 - CURV - Product registered successfully!
2017-04-12 12:30:20 - UPD_SUCCESS - Registered
2017-04-12 12:30:24 -  - exec CUpdateClient::GetUpdatesList
2017-04-12 12:30:24 -  - exec CUpdateClient::CollectRequestData
2017-04-12 12:30:24 -  - LICENSE_KEY=X&lang=ru&SUPD_VER=16.5.15&VERSION=16.5.4&TYPENC=E&SUPD_STS=1&SUPD_URS=0&SUPD_DBS=MYSQL&XE=N&CLIENT_SITE=hyundai-ringauto.ru&CHHB=hyundai-ringauto.ru&CSAB=87.236.19.110&CANGZIP=Y&CLIENT_PHPVER=5.6.30&stable=Y&NGINX=Y&rerere=Y&bitm_main=16.5.4&bitm_iblock=16.5.2&bitm_perfmon=16.0.0&bitm_translate=14.5.0&bitm_compression=16.0.0&bitm_bitrixcloud=16.0.0&bitm_search=16.0.0&bitm_socialservices=16.5.4&bitm_highloadblock=16.0.2&bitm_fileman=16.5.4&bitm_clouds=16.0.1&bitm_seo=16.0.3&bitl_ru=&bitl_en=&SUPD_SRS=RU&SUPD_CMP=N&SALE_15=Y
2017-04-12 12:30:24 -  - exec CUpdateClient::GetHTTPPage
2017-04-12 12:30:24 -  - TIME GetUpdatesList(request) 0.299 sec
2017-04-12 12:30:24 -  - exec CUpdateClient::ParseServerData
2017-04-12 12:33:00 -  - exec CUpdateClient::GetUpdatesList
2017-04-12 12:33:00 -  - exec CUpdateClient::CollectRequestData
2017-04-12 12:33:00 -  - LICENSE_KEY=X&lang=ru&SUPD_VER=16.5.15&VERSION=16.5.4&TYPENC=E&SUPD_STS=1&SUPD_URS=0&SUPD_DBS=MYSQL&XE=N&CLIENT_SITE=hyundai-ringauto.ru&CHHB=hyundai-ringauto.ru&CSAB=87.236.19.110&CANGZIP=Y&CLIENT_PHPVER=5.6.30&stable=Y&NGINX=Y&rerere=Y&bitm_main=16.5.4&bitm_iblock=16.5.2&bitm_perfmon=16.0.0&bitm_translate=14.5.0&bitm_compression=16.0.0&bitm_bitrixcloud=16.0.0&bitm_search=16.0.0&bitm_socialservices=16.5.4&bitm_highloadblock=16.0.2&bitm_fileman=16.5.4&bitm_clouds=16.0.1&bitm_seo=16.0.3&bitl_ru=&bitl_en=&SUPD_SRS=RU&SUPD_CMP=N&SALE_15=Y
2017-04-12 12:33:00 -  - exec CUpdateClient::GetHTTPPage
2017-04-12 12:33:00 -  - TIME GetUpdatesList(request) 0.262 sec
2017-04-12 12:33:00 -  - exec CUpdateClient::ParseServerData
2017-04-12 12:39:50 -  - exec CUpdateClient::GetUpdatesList
2017-04-12 12:39:50 -  - exec CUpdateClient::CollectRequestData
2017-04-12 12:39:50 -  - LICENSE_KEY=X&lang=ru&SUPD_VER=16.5.15&VERSION=16.5.4&TYPENC=E&SUPD_STS=1&SUPD_URS=0&SUPD_DBS=MYSQL&XE=N&CLIENT_SITE=hyundai-ringauto.ru&CHHB=hyundai-ringauto.ru&CSAB=87.236.19.110&CANGZIP=Y&CLIENT_PHPVER=5.6.30&stable=Y&NGINX=Y&rerere=Y&bitm_main=16.5.4&bitm_iblock=16.5.2&bitm_perfmon=16.0.0&bitm_translate=14.5.0&bitm_compression=16.0.0&bitm_bitrixcloud=16.0.0&bitm_search=16.0.0&bitm_socialservices=16.5.4&bitm_highloadblock=16.0.2&bitm_fileman=16.5.4&bitm_clouds=16.0.1&bitm_seo=16.0.3&bitl_ru=&bitl_en=&SUPD_SRS=RU&SUPD_CMP=N&SALE_15=Y
2017-04-12 12:39:50 -  - exec CUpdateClient::GetHTTPPage
2017-04-12 12:39:50 -  - TIME GetUpdatesList(request) 0.438 sec
2017-04-12 12:39:50 -  - exec CUpdateClient::ParseServerData
2017-04-12 12:40:52 -  - exec CUpdateClient::ActivateLicenseKey
2017-04-12 12:40:52 -  - exec CUpdateClient::CollectRequestData
2017-04-12 12:40:52 -  - LICENSE_KEY=X&lang=ru&SUPD_VER=16.5.15&VERSION=16.5.4&TYPENC=E&SUPD_STS=1&SUPD_URS=0&SUPD_DBS=MYSQL&XE=N&CLIENT_SITE=hyundai-ringauto.ru&CHHB=hyundai-ringauto.ru&CSAB=87.236.19.110&CANGZIP=Y&CLIENT_PHPVER=5.6.30&stable=Y&NGINX=Y&rerere=Y&bitm_main=16.5.4&bitm_iblock=16.5.2&bitm_perfmon=16.0.0&bitm_translate=14.5.0&bitm_compression=16.0.0&bitm_bitrixcloud=16.0.0&bitm_search=16.0.0&bitm_socialservices=16.5.4&bitm_highloadblock=16.0.2&bitm_fileman=16.5.4&bitm_clouds=16.0.1&bitm_seo=16.0.3&bitl_ru=&bitl_en=&SUPD_SRS=RU&SUPD_CMP=N&SALE_15=Y&query_type=activate
2017-04-12 12:40:52 -  - exec CUpdateClient::GetHTTPPage
2017-04-12 12:40:53 -  - TIME ActivateLicenseKey(request) 0.789 sec
2017-04-12 12:40:53 -  - exec CUpdateClient::ParseServerData
2017-04-12 12:40:53 - CUALK - License key activated successfully!
2017-04-12 12:40:53 - UPD_SUCCESS - Licence activated
2017-04-12 12:40:53 -  - exec CUpdateClient::GetUpdatesList
2017-04-12 12:40:53 -  - exec CUpdateClient::CollectRequestData
2017-04-12 12:40:53 -  - LICENSE_KEY=X&lang=ru&SUPD_VER=16.5.15&VERSION=16.5.4&TYPENC=E&SUPD_STS=1&SUPD_URS=0&SUPD_DBS=MYSQL&XE=N&CLIENT_SITE=hyundai-ringauto.ru&CHHB=hyundai-ringauto.ru&CSAB=87.236.19.110&CANGZIP=Y&CLIENT_PHPVER=5.6.30&stable=Y&NGINX=Y&rerere=Y&bitm_main=16.5.4&bitm_iblock=16.5.2&bitm_perfmon=16.0.0&bitm_translate=14.5.0&bitm_compression=16.0.0&bitm_bitrixcloud=16.0.0&bitm_search=16.0.0&bitm_socialservices=16.5.4&bitm_highloadblock=16.0.2&bitm_fileman=16.5.4&bitm_clouds=16.0.1&bitm_seo=16.0.3&bitl_ru=&bitl_en=&SUPD_SRS=RU&SUPD_CMP=N&SALE_15=Y
2017-04-12 12:40:53 -  - exec CUpdateClient::GetHTTPPage
2017-04-12 12:40:53 -  - TIME GetUpdatesList(request) 0.311 sec
2017-04-12 12:40:53 -  - exec CUpdateClient::ParseServerData
2017-08-01 18:27:57 -  - exec CUpdateClient::GetUpdatesList
2017-08-01 18:27:57 -  - exec CUpdateClient::CollectRequestData
2017-08-01 18:27:57 -  - LICENSE_KEY=X&lang=ru&SUPD_VER=16.5.15&VERSION=16.5.4&TYPENC=E&SUPD_STS=1&SUPD_URS=0&SUPD_DBS=MYSQL&XE=N&CLIENT_SITE=ringauto&CHHB=ringauto&CSAB=127.0.0.1&CANGZIP=Y&CLIENT_PHPVER=5.6.19&stable=Y&NGINX=Y&rerere=Y&bitm_main=16.5.4&bitm_bitrixcloud=16.0.0&bitm_clouds=16.0.1&bitm_compression=16.0.0&bitm_fileman=16.5.4&bitm_highloadblock=16.0.2&bitm_iblock=16.5.2&bitm_perfmon=16.0.0&bitm_search=16.0.0&bitm_seo=16.0.3&bitm_socialservices=16.5.4&bitm_translate=14.5.0&bitl_en=&bitl_ru=&SUPD_SRS=RU&SUPD_CMP=N&SALE_15=Y
2017-08-01 18:27:57 -  - exec CUpdateClient::GetHTTPPage
2017-08-01 18:27:57 -  - TIME GetUpdatesList(request) 0.384 sec
2017-08-01 18:27:57 -  - exec CUpdateClient::ParseServerData
2017-08-04 17:32:18 -  - exec CUpdateClient::GetUpdatesList
2017-08-04 17:32:18 -  - exec CUpdateClient::CollectRequestData
2017-08-04 17:32:18 -  - LICENSE_KEY=X&lang=ru&SUPD_VER=16.5.15&VERSION=16.5.4&TYPENC=E&SUPD_STS=1&SUPD_URS=0&SUPD_DBS=MYSQL&XE=N&CLIENT_SITE=hyundai-ringauto.ru&CHHB=hyundai-ringauto.ru&CSAB=87.236.19.110&CANGZIP=Y&CLIENT_PHPVER=5.6.30&stable=Y&NGINX=Y&rerere=Y&bitm_main=16.5.4&bitm_iblock=16.5.2&bitm_perfmon=16.0.0&bitm_translate=14.5.0&bitm_compression=16.0.0&bitm_bitrixcloud=16.0.0&bitm_search=16.0.0&bitm_socialservices=16.5.4&bitm_highloadblock=16.0.2&bitm_fileman=16.5.4&bitm_clouds=16.0.1&bitm_seo=16.0.3&bitl_ru=&bitl_en=&SUPD_SRS=RU&SUPD_CMP=N&SALE_15=Y
2017-08-04 17:32:18 -  - exec CUpdateClient::GetHTTPPage
2017-08-04 17:32:18 -  - TIME GetUpdatesList(request) 0.237 sec
2017-08-04 17:32:18 -  - exec CUpdateClient::ParseServerData
2017-10-16 12:05:07 -  - exec CUpdateClient::GetUpdatesList
2017-10-16 12:05:07 -  - exec CUpdateClient::CollectRequestData
2017-10-16 12:05:07 -  - LICENSE_KEY=X&lang=ru&SUPD_VER=16.5.15&VERSION=16.5.4&TYPENC=E&SUPD_STS=3&SUPD_URS=0&SUPD_DBS=MYSQL&XE=N&CLIENT_SITE=hyundai-ringauto.ru&CHHB=hyundai-ringauto.ru&CSAB=87.236.19.110&CANGZIP=Y&CLIENT_PHPVER=5.6.30&stable=Y&NGINX=Y&rerere=Y&bitm_main=16.5.4&bitm_iblock=16.5.2&bitm_perfmon=16.0.0&bitm_translate=14.5.0&bitm_compression=16.0.0&bitm_bitrixcloud=16.0.0&bitm_search=16.0.0&bitm_socialservices=16.5.4&bitm_highloadblock=16.0.2&bitm_fileman=16.5.4&bitm_clouds=16.0.1&bitm_seo=16.0.3&bitl_ru=&bitl_en=&SUPD_SRS=RU&SUPD_CMP=Y&SALE_15=Y
2017-10-16 12:05:07 -  - exec CUpdateClient::GetHTTPPage
2017-10-16 12:05:07 -  - TIME GetUpdatesList(request) 0.409 sec
2017-10-16 12:05:07 -  - exec CUpdateClient::ParseServerData
2017-10-16 12:05:12 -  - exec CUpdateClient::ActivateCoupon
2017-10-16 12:05:12 -  - exec CUpdateClient::CollectRequestData
2017-10-16 12:05:12 -  - LICENSE_KEY=X&lang=ru&SUPD_VER=16.5.15&VERSION=16.5.4&TYPENC=E&SUPD_STS=3&SUPD_URS=0&SUPD_DBS=MYSQL&XE=N&CLIENT_SITE=hyundai-ringauto.ru&CHHB=hyundai-ringauto.ru&CSAB=87.236.19.110&CANGZIP=Y&CLIENT_PHPVER=5.6.30&stable=Y&NGINX=Y&rerere=Y&bitm_main=16.5.4&bitm_iblock=16.5.2&bitm_perfmon=16.0.0&bitm_translate=14.5.0&bitm_compression=16.0.0&bitm_bitrixcloud=16.0.0&bitm_search=16.0.0&bitm_socialservices=16.5.4&bitm_highloadblock=16.0.2&bitm_fileman=16.5.4&bitm_clouds=16.0.1&bitm_seo=16.0.3&bitl_ru=&bitl_en=&SUPD_SRS=RU&SUPD_CMP=Y&SALE_15=Y&coupon=CHK-Y6OCL4OEFC-RVX5GHS2Y0&query_type=coupon
2017-10-16 12:05:12 -  - exec CUpdateClient::GetHTTPPage
2017-10-16 12:05:12 -  - TIME ActivateCoupon(request) 0.262 sec
2017-10-16 12:05:12 -  - exec CUpdateClient::ParseServerData
2017-10-16 12:05:12 - UPD_SUCCESS - Coupon activated
2017-10-16 12:05:14 -  - exec CUpdateClient::GetUpdatesList
2017-10-16 12:05:14 -  - exec CUpdateClient::CollectRequestData
2017-10-16 12:05:14 -  - LICENSE_KEY=X&lang=ru&SUPD_VER=16.5.15&VERSION=16.5.4&TYPENC=E&SUPD_STS=3&SUPD_URS=0&SUPD_DBS=MYSQL&XE=N&CLIENT_SITE=hyundai-ringauto.ru&CHHB=hyundai-ringauto.ru&CSAB=87.236.19.110&CANGZIP=Y&CLIENT_PHPVER=5.6.30&stable=Y&NGINX=Y&rerere=Y&bitm_main=16.5.4&bitm_iblock=16.5.2&bitm_perfmon=16.0.0&bitm_translate=14.5.0&bitm_compression=16.0.0&bitm_bitrixcloud=16.0.0&bitm_search=16.0.0&bitm_socialservices=16.5.4&bitm_highloadblock=16.0.2&bitm_fileman=16.5.4&bitm_clouds=16.0.1&bitm_seo=16.0.3&bitl_ru=&bitl_en=&SUPD_SRS=RU&SUPD_CMP=Y&SALE_15=Y
2017-10-16 12:05:14 -  - exec CUpdateClient::GetHTTPPage
2017-10-16 12:05:14 -  - TIME GetUpdatesList(request) 0.189 sec
2017-10-16 12:05:14 -  - exec CUpdateClient::ParseServerData
2017-10-17 18:30:43 -  - exec CUpdateClient::GetUpdatesList
2017-10-17 18:30:43 -  - exec CUpdateClient::CollectRequestData
2017-10-17 18:30:43 -  - LICENSE_KEY=X&lang=ru&SUPD_VER=16.5.15&VERSION=16.5.4&TYPENC=E&SUPD_STS=3&SUPD_URS=0&SUPD_DBS=MYSQL&XE=N&CLIENT_SITE=hyundai-ringauto.ru&CHHB=hyundai-ringauto.ru&CSAB=87.236.19.110&CANGZIP=Y&CLIENT_PHPVER=5.6.30&stable=Y&NGINX=Y&rerere=Y&bitm_main=16.5.4&bitm_iblock=16.5.2&bitm_perfmon=16.0.0&bitm_translate=14.5.0&bitm_compression=16.0.0&bitm_bitrixcloud=16.0.0&bitm_search=16.0.0&bitm_socialservices=16.5.4&bitm_highloadblock=16.0.2&bitm_fileman=16.5.4&bitm_clouds=16.0.1&bitm_seo=16.0.3&bitl_ru=&bitl_en=&SUPD_SRS=RU&SUPD_CMP=Y&SALE_15=Y
2017-10-17 18:30:43 -  - exec CUpdateClient::GetHTTPPage
2017-10-17 18:30:43 -  - TIME GetUpdatesList(request) 0.378 sec
2017-10-17 18:30:43 -  - exec CUpdateClient::ParseServerData
2018-03-19 15:50:15 -  - exec CUpdateClient::GetUpdatesList
2018-03-19 15:50:15 -  - exec CUpdateClient::CollectRequestData
2018-03-19 15:50:15 -  - LICENSE_KEY=X&lang=ru&SUPD_VER=16.5.15&VERSION=16.5.4&TYPENC=E&SUPD_STS=5&SUPD_URS=0&SUPD_DBS=MYSQL&XE=N&CLIENT_SITE=hyundai-ringauto.ru&CHHB=hyundai-ringauto.ru&CSAB=87.236.19.20&CANGZIP=Y&CLIENT_PHPVER=5.6.30&stable=Y&NGINX=Y&rerere=Y&bitm_main=16.5.4&bitm_socialservices=16.5.4&bitm_fileman=16.5.4&bitm_translate=14.5.0&bitm_search=16.0.0&bitm_perfmon=16.0.0&bitm_iblock=16.5.2&bitm_clouds=16.0.1&bitm_bitrixcloud=16.0.0&bitm_highloadblock=16.0.2&bitm_seo=16.0.3&bitm_compression=16.0.0&bitl_ru=&bitl_en=&SUPD_SRS=RU&SUPD_CMP=Y&SALE_15=Y
2018-03-19 15:50:15 -  - exec CUpdateClient::GetHTTPPage
2018-03-19 15:50:15 -  - TIME GetUpdatesList(request) 0.26 sec
2018-03-19 15:50:15 -  - exec CUpdateClient::ParseServerData
2018-04-24 18:03:15 -  - exec CUpdateClient::GetUpdatesList
2018-04-24 18:03:15 -  - exec CUpdateClient::CollectRequestData
2018-04-24 18:03:15 -  - LICENSE_KEY=X&lang=ru&SUPD_VER=16.5.15&VERSION=16.5.4&TYPENC=E&SUPD_STS=5&SUPD_URS=0&SUPD_DBS=MYSQL&XE=N&CLIENT_SITE=hyundai-ringauto.ru&CHHB=hyundai-ringauto.ru&CSAB=87.236.19.20&CANGZIP=Y&CLIENT_PHPVER=5.6.30&stable=Y&NGINX=Y&rerere=Y&bitm_main=16.5.4&bitm_socialservices=16.5.4&bitm_fileman=16.5.4&bitm_translate=14.5.0&bitm_search=16.0.0&bitm_perfmon=16.0.0&bitm_iblock=16.5.2&bitm_clouds=16.0.1&bitm_bitrixcloud=16.0.0&bitm_highloadblock=16.0.2&bitm_seo=16.0.3&bitm_compression=16.0.0&bitl_ru=&bitl_en=&SUPD_SRS=RU&SUPD_CMP=Y&SALE_15=Y
2018-04-24 18:03:15 -  - exec CUpdateClient::GetHTTPPage
2018-04-24 18:03:15 -  - TIME GetUpdatesList(request) 0.274 sec
2018-04-24 18:03:15 -  - exec CUpdateClient::ParseServerData
2018-04-24 18:16:47 -  - exec CUpdateClient::GetUpdatesList
2018-04-24 18:16:47 -  - exec CUpdateClient::CollectRequestData
2018-04-24 18:16:47 -  - LICENSE_KEY=X&lang=ru&SUPD_VER=16.5.15&VERSION=16.5.4&TYPENC=E&SUPD_STS=5&SUPD_URS=0&SUPD_DBS=MYSQL&XE=N&CLIENT_SITE=hyundai-ringauto.ru&CHHB=hyundai-ringauto.ru&CSAB=87.236.19.20&CANGZIP=Y&CLIENT_PHPVER=5.6.30&stable=Y&NGINX=Y&rerere=Y&bitm_main=16.5.4&bitm_socialservices=16.5.4&bitm_fileman=16.5.4&bitm_translate=14.5.0&bitm_search=16.0.0&bitm_perfmon=16.0.0&bitm_iblock=16.5.2&bitm_clouds=16.0.1&bitm_bitrixcloud=16.0.0&bitm_highloadblock=16.0.2&bitm_seo=16.0.3&bitm_compression=16.0.0&bitl_ru=&bitl_en=&SUPD_SRS=RU&SUPD_CMP=Y&SALE_15=Y
2018-04-24 18:16:47 -  - exec CUpdateClient::GetHTTPPage
2018-04-24 18:16:47 -  - TIME GetUpdatesList(request) 0.271 sec
2018-04-24 18:16:47 -  - exec CUpdateClient::ParseServerData
2018-05-10 11:23:12 -  - exec CUpdateClient::GetUpdatesList
2018-05-10 11:23:12 -  - exec CUpdateClient::CollectRequestData
2018-05-10 11:23:12 -  - LICENSE_KEY=X&lang=ru&SUPD_VER=16.5.15&VERSION=16.5.4&TYPENC=E&SUPD_STS=5&SUPD_URS=0&SUPD_DBS=MYSQL&XE=N&CLIENT_SITE=hyundai-ringauto.ru&CHHB=hyundai-ringauto.ru&CSAB=87.236.19.20&CANGZIP=Y&CLIENT_PHPVER=5.6.30&stable=Y&NGINX=Y&rerere=Y&bitm_main=16.5.4&bitm_socialservices=16.5.4&bitm_fileman=16.5.4&bitm_translate=14.5.0&bitm_search=16.0.0&bitm_perfmon=16.0.0&bitm_iblock=16.5.2&bitm_clouds=16.0.1&bitm_bitrixcloud=16.0.0&bitm_highloadblock=16.0.2&bitm_seo=16.0.3&bitm_compression=16.0.0&bitl_ru=&bitl_en=&SUPD_SRS=RU&SUPD_CMP=Y&SALE_15=Y
2018-05-10 11:23:12 -  - exec CUpdateClient::GetHTTPPage
2018-05-10 11:23:12 -  - TIME GetUpdatesList(request) 0.184 sec
2018-05-10 11:23:12 -  - exec CUpdateClient::ParseServerData
2018-05-11 19:51:11 -  - exec CUpdateClient::GetUpdatesList
2018-05-11 19:51:11 -  - exec CUpdateClient::CollectRequestData
2018-05-11 19:51:11 -  - LICENSE_KEY=X&lang=ru&SUPD_VER=16.5.15&VERSION=16.5.4&TYPENC=E&SUPD_STS=1&SUPD_URS=0&SUPD_DBS=MYSQL&XE=N&CLIENT_SITE=hyundaiosk.beget.tech&CHHB=hyundaiosk.beget.tech&CSAB=87.236.19.170&CANGZIP=Y&CLIENT_PHPVER=5.6.30&stable=Y&NGINX=Y&rerere=Y&bitm_main=16.5.4&bitm_socialservices=16.5.4&bitm_compression=16.0.0&bitm_perfmon=16.0.0&bitm_clouds=16.0.1&bitm_iblock=16.5.2&bitm_highloadblock=16.0.2&bitm_search=16.0.0&bitm_translate=14.5.0&bitm_seo=16.0.3&bitm_fileman=16.5.4&bitm_bitrixcloud=16.0.0&bitl_en=&bitl_ru=&SUPD_SRS=RU&SUPD_CMP=N&SALE_15=Y
2018-05-11 19:51:11 -  - exec CUpdateClient::GetHTTPPage
2018-05-11 19:51:11 -  - TIME GetUpdatesList(request) 0.283 sec
2018-05-11 19:51:11 -  - exec CUpdateClient::ParseServerData
2018-08-16 12:27:12 -  - exec CUpdateClient::GetUpdatesList
2018-08-16 12:27:12 -  - exec CUpdateClient::CollectRequestData
2018-08-16 12:27:12 -  - LICENSE_KEY=X&lang=ru&SUPD_VER=16.5.15&VERSION=16.5.4&TYPENC=E&SUPD_STS=1&SUPD_URS=0&SUPD_DBS=MYSQL&XE=N&CLIENT_SITE=hyundai-oskol.ru&CHHB=hyundai-oskol.ru&CSAB=87.236.19.170&CANGZIP=Y&CLIENT_PHPVER=5.6.30&stable=Y&NGINX=Y&rerere=Y&bitm_main=16.5.4&bitm_socialservices=16.5.4&bitm_compression=16.0.0&bitm_perfmon=16.0.0&bitm_clouds=16.0.1&bitm_iblock=16.5.2&bitm_highloadblock=16.0.2&bitm_search=16.0.0&bitm_translate=14.5.0&bitm_seo=16.0.3&bitm_fileman=16.5.4&bitm_bitrixcloud=16.0.0&bitl_en=&bitl_ru=&SUPD_SRS=RU&SUPD_CMP=N&SALE_15=Y
2018-08-16 12:27:12 -  - exec CUpdateClient::GetHTTPPage
2018-08-16 12:27:13 -  - TIME GetUpdatesList(request) 0.245 sec
2018-08-16 12:27:13 -  - exec CUpdateClient::ParseServerData
2018-08-16 12:27:55 -  - exec CUpdateClient::GetUpdatesList
2018-08-16 12:27:55 -  - exec CUpdateClient::CollectRequestData
2018-08-16 12:27:55 -  - LICENSE_KEY=X&lang=ru&SUPD_VER=16.5.15&VERSION=16.5.4&TYPENC=E&SUPD_STS=1&SUPD_URS=0&SUPD_DBS=MYSQL&XE=N&CLIENT_SITE=hyundai-oskol.ru&CHHB=hyundai-oskol.ru&CSAB=87.236.19.170&CANGZIP=Y&CLIENT_PHPVER=5.6.30&stable=Y&NGINX=Y&rerere=Y&bitm_main=16.5.4&bitm_socialservices=16.5.4&bitm_compression=16.0.0&bitm_perfmon=16.0.0&bitm_clouds=16.0.1&bitm_iblock=16.5.2&bitm_highloadblock=16.0.2&bitm_search=16.0.0&bitm_translate=14.5.0&bitm_seo=16.0.3&bitm_fileman=16.5.4&bitm_bitrixcloud=16.0.0&bitl_en=&bitl_ru=&SUPD_SRS=RU&SUPD_CMP=N&SALE_15=Y
2018-08-16 12:27:55 -  - exec CUpdateClient::GetHTTPPage
2018-08-16 12:27:55 -  - TIME GetUpdatesList(request) 0.184 sec
2018-08-16 12:27:55 -  - exec CUpdateClient::ParseServerData
